# JRE version: OpenJDK Runtime Environment Temurin-17.0.9+9 (17.0.9+9) (build 17.0.9+9)
# Java VM: OpenJDK 64-Bit Server VM Temurin-17.0.9+9 (17.0.9+9, mixed mode, emulated-client, tiered, compressed oops, compressed class ptrs, g1 gc, windows-amd64)
GC Precious Log:
 CPUs: 8 total, 8 available
 Memory: 7987M
 Large Page Support: Disabled
 NUMA Support: Disabled
 Compressed Oops: Enabled (32-bit)
 Heap Region Size: 1M
 Heap Min Capacity: 8M
 Heap Initial Capacity: 126M
 Heap Max Capacity: 1998M
 Pre-touch: Disabled
 Parallel Workers: 8
 Concurrent Workers: 2
 Concurrent Refinement Workers: 8
 Periodic GC: Disabled
Heap:
 garbage-first heap   total 82944K, used 57764K [0x0000000083200000, 0x0000000100000000)
  region size 1024K, 36 young (36864K), 4 survivors (4096K)
 Metaspace       used 53412K, committed 53888K, reserved 1114112K
  class space    used 6794K, committed 7040K, reserved 1048576K
GC Heap History (20 events):
Event: 3.614 GC heap before
{Heap before GC invocations=8 (full 0):
 garbage-first heap   total 81920K, used 57722K [0x0000000083200000, 0x0000000100000000)
  region size 1024K, 48 young (49152K), 2 survivors (2048K)
 Metaspace       used 29742K, committed 30080K, reserved 1114112K
  class space    used 3556K, committed 3712K, reserved 1048576K
}
Event: 3.617 GC heap after
{Heap after GC invocations=9 (full 0):
 garbage-first heap   total 81920K, used 13863K [0x0000000083200000, 0x0000000100000000)
  region size 1024K, 4 young (4096K), 4 survivors (4096K)
 Metaspace       used 29742K, committed 30080K, reserved 1114112K
  class space    used 3556K, committed 3712K, reserved 1048576K
}
Event: 3.841 GC heap before
{Heap before GC invocations=9 (full 0):
 garbage-first heap   total 81920K, used 58919K [0x0000000083200000, 0x0000000100000000)
  region size 1024K, 48 young (49152K), 4 survivors (4096K)
 Metaspace       used 33179K, committed 33472K, reserved 1114112K
  class space    used 4016K, committed 4160K, reserved 1048576K
}
Event: 3.845 GC heap after
{Heap after GC invocations=10 (full 0):
 garbage-first heap   total 81920K, used 15519K [0x0000000083200000, 0x0000000100000000)
  region size 1024K, 5 young (5120K), 5 survivors (5120K)
 Metaspace       used 33179K, committed 33472K, reserved 1114112K
  class space    used 4016K, committed 4160K, reserved 1048576K
}
Event: 4.995 GC heap before
{Heap before GC invocations=10 (full 0):
 garbage-first heap   total 81920K, used 58527K [0x0000000083200000, 0x0000000100000000)
  region size 1024K, 48 young (49152K), 5 survivors (5120K)
 Metaspace       used 34862K, committed 35264K, reserved 1114112K
  class space    used 4265K, committed 4480K, reserved 1048576K
}
Event: 5.002 GC heap after
{Heap after GC invocations=11 (full 0):
 garbage-first heap   total 81920K, used 16995K [0x0000000083200000, 0x0000000100000000)
  region size 1024K, 4 young (4096K), 4 survivors (4096K)
 Metaspace       used 34862K, committed 35264K, reserved 1114112K
  class space    used 4265K, committed 4480K, reserved 1048576K
}
Event: 5.157 GC heap before
{Heap before GC invocations=11 (full 0):
 garbage-first heap   total 81920K, used 28259K [0x0000000083200000, 0x0000000100000000)
  region size 1024K, 17 young (17408K), 4 survivors (4096K)
 Metaspace       used 35621K, committed 35968K, reserved 1114112K
  class space    used 4362K, committed 4544K, reserved 1048576K
}
Event: 5.160 GC heap after
{Heap after GC invocations=12 (full 0):
 garbage-first heap   total 81920K, used 17678K [0x0000000083200000, 0x0000000100000000)
  region size 1024K, 3 young (3072K), 3 survivors (3072K)
 Metaspace       used 35621K, committed 35968K, reserved 1114112K
  class space    used 4362K, committed 4544K, reserved 1048576K
}
Event: 5.699 GC heap before
{Heap before GC invocations=13 (full 0):
 garbage-first heap   total 68608K, used 55566K [0x0000000083200000, 0x0000000100000000)
  region size 1024K, 40 young (40960K), 3 survivors (3072K)
 Metaspace       used 37379K, committed 37760K, reserved 1114112K
  class space    used 4642K, committed 4800K, reserved 1048576K
}
Event: 5.703 GC heap after
{Heap after GC invocations=14 (full 0):
 garbage-first heap   total 82944K, used 18822K [0x0000000083200000, 0x0000000100000000)
  region size 1024K, 2 young (2048K), 2 survivors (2048K)
 Metaspace       used 37379K, committed 37760K, reserved 1114112K
  class space    used 4642K, committed 4800K, reserved 1048576K
}
Event: 5.724 GC heap before
{Heap before GC invocations=14 (full 0):
 garbage-first heap   total 82944K, used 20870K [0x0000000083200000, 0x0000000100000000)
  region size 1024K, 4 young (4096K), 2 survivors (2048K)
 Metaspace       used 37517K, committed 37888K, reserved 1114112K
  class space    used 4660K, committed 4864K, reserved 1048576K
}
Event: 5.727 GC heap after
{Heap after GC invocations=15 (full 0):
 garbage-first heap   total 82944K, used 18887K [0x0000000083200000, 0x0000000100000000)
  region size 1024K, 1 young (1024K), 1 survivors (1024K)
 Metaspace       used 37517K, committed 37888K, reserved 1114112K
  class space    used 4660K, committed 4864K, reserved 1048576K
}
Event: 6.398 GC heap before
{Heap before GC invocations=15 (full 0):
 garbage-first heap   total 82944K, used 64967K [0x0000000083200000, 0x0000000100000000)
  region size 1024K, 46 young (47104K), 1 survivors (1024K)
 Metaspace       used 41050K, committed 41472K, reserved 1114112K
  class space    used 5192K, committed 5376K, reserved 1048576K
}
Event: 6.402 GC heap after
{Heap after GC invocations=16 (full 0):
 garbage-first heap   total 82944K, used 20962K [0x0000000083200000, 0x0000000100000000)
  region size 1024K, 3 young (3072K), 3 survivors (3072K)
 Metaspace       used 41050K, committed 41472K, reserved 1114112K
  class space    used 5192K, committed 5376K, reserved 1048576K
}
Event: 7.089 GC heap before
{Heap before GC invocations=16 (full 0):
 garbage-first heap   total 82944K, used 64994K [0x0000000083200000, 0x0000000100000000)
  region size 1024K, 46 young (47104K), 3 survivors (3072K)
 Metaspace       used 44403K, committed 44864K, reserved 1114112K
  class space    used 5672K, committed 5888K, reserved 1048576K
}
Event: 7.096 GC heap after
{Heap after GC invocations=17 (full 0):
 garbage-first heap   total 82944K, used 22489K [0x0000000083200000, 0x0000000100000000)
  region size 1024K, 4 young (4096K), 4 survivors (4096K)
 Metaspace       used 44403K, committed 44864K, reserved 1114112K
  class space    used 5672K, committed 5888K, reserved 1048576K
}
Event: 7.909 GC heap before
{Heap before GC invocations=17 (full 0):
 garbage-first heap   total 82944K, used 66521K [0x0000000083200000, 0x0000000100000000)
  region size 1024K, 47 young (48128K), 4 survivors (4096K)
 Metaspace       used 47037K, committed 47616K, reserved 1114112K
  class space    used 6006K, committed 6272K, reserved 1048576K
}
Event: 7.915 GC heap after
{Heap after GC invocations=18 (full 0):
 garbage-first heap   total 82944K, used 24736K [0x0000000083200000, 0x0000000100000000)
  region size 1024K, 4 young (4096K), 4 survivors (4096K)
 Metaspace       used 47037K, committed 47616K, reserved 1114112K
  class space    used 6006K, committed 6272K, reserved 1048576K
}
Event: 8.456 GC heap before
{Heap before GC invocations=18 (full 0):
 garbage-first heap   total 82944K, used 66720K [0x0000000083200000, 0x0000000100000000)
  region size 1024K, 45 young (46080K), 4 survivors (4096K)
 Metaspace       used 50507K, committed 51008K, reserved 1114112K
  class space    used 6423K, committed 6656K, reserved 1048576K
}
Event: 8.462 GC heap after
{Heap after GC invocations=19 (full 0):
 garbage-first heap   total 82944K, used 26020K [0x0000000083200000, 0x0000000100000000)
  region size 1024K, 4 young (4096K), 4 survivors (4096K)
 Metaspace       used 50507K, committed 51008K, reserved 1114112K
  class space    used 6423K, committed 6656K, reserved 1048576K
}

