# JRE version: OpenJDK Runtime Environment Temurin-17.0.9+9 (17.0.9+9) (build 17.0.9+9)
# Java VM: OpenJDK 64-Bit Server VM Temurin-17.0.9+9 (17.0.9+9, mixed mode, emulated-client, tiered, compressed oops, compressed class ptrs, g1 gc, windows-amd64)
GC Precious Log:
 CPUs: 8 total, 8 available
 Memory: 7987M
 Large Page Support: Disabled
 NUMA Support: Disabled
 Compressed Oops: Enabled (32-bit)
 Heap Region Size: 1M
 Heap Min Capacity: 8M
 Heap Initial Capacity: 126M
 Heap Max Capacity: 1G
 Pre-touch: Disabled
 Parallel Workers: 8
 Concurrent Workers: 2
 Concurrent Refinement Workers: 8
 Periodic GC: Disabled
Heap:
 garbage-first heap   total 86016K, used 39425K [0x00000000c0000000, 0x0000000100000000)
  region size 1024K, 1 young (1024K), 0 survivors (0K)
 Metaspace       used 62323K, committed 63104K, reserved 1114112K
  class space    used 7523K, committed 7808K, reserved 1048576K
GC Heap History (20 events):
Event: 235.907 GC heap before
{Heap before GC invocations=39 (full 3):
 garbage-first heap   total 86016K, used 67074K [0x00000000c0000000, 0x0000000100000000)
  region size 1024K, 31 young (31744K), 4 survivors (4096K)
 Metaspace       used 60863K, committed 61312K, reserved 1114112K
  class space    used 7331K, committed 7552K, reserved 1048576K
}
Event: 235.909 GC heap after
{Heap after GC invocations=40 (full 3):
 garbage-first heap   total 86016K, used 39355K [0x00000000c0000000, 0x0000000100000000)
  region size 1024K, 2 young (2048K), 2 survivors (2048K)
 Metaspace       used 60863K, committed 61312K, reserved 1114112K
  class space    used 7331K, committed 7552K, reserved 1048576K
}
Event: 290.449 GC heap before
{Heap before GC invocations=40 (full 3):
 garbage-first heap   total 86016K, used 63931K [0x00000000c0000000, 0x0000000100000000)
  region size 1024K, 28 young (28672K), 2 survivors (2048K)
 Metaspace       used 62549K, committed 63104K, reserved 1114112K
  class space    used 7570K, committed 7808K, reserved 1048576K
}
Event: 290.485 GC heap after
{Heap after GC invocations=41 (full 4):
 garbage-first heap   total 86016K, used 41580K [0x00000000c0000000, 0x0000000100000000)
  region size 1024K, 0 young (0K), 0 survivors (0K)
 Metaspace       used 62509K, committed 63104K, reserved 1114112K
  class space    used 7560K, committed 7808K, reserved 1048576K
}
Event: 300.643 GC heap before
{Heap before GC invocations=41 (full 4):
 garbage-first heap   total 86016K, used 41580K [0x00000000c0000000, 0x0000000100000000)
  region size 1024K, 1 young (1024K), 0 survivors (0K)
 Metaspace       used 62511K, committed 63104K, reserved 1114112K
  class space    used 7561K, committed 7808K, reserved 1048576K
}
Event: 300.678 GC heap after
{Heap after GC invocations=42 (full 5):
 garbage-first heap   total 86016K, used 40523K [0x00000000c0000000, 0x0000000100000000)
  region size 1024K, 0 young (0K), 0 survivors (0K)
 Metaspace       used 62307K, committed 63104K, reserved 1114112K
  class space    used 7520K, committed 7808K, reserved 1048576K
}
Event: 311.088 GC heap before
{Heap before GC invocations=42 (full 5):
 garbage-first heap   total 86016K, used 40523K [0x00000000c0000000, 0x0000000100000000)
  region size 1024K, 1 young (1024K), 0 survivors (0K)
 Metaspace       used 62317K, committed 63104K, reserved 1114112K
  class space    used 7521K, committed 7808K, reserved 1048576K
}
Event: 311.129 GC heap after
{Heap after GC invocations=43 (full 6):
 garbage-first heap   total 86016K, used 40524K [0x00000000c0000000, 0x0000000100000000)
  region size 1024K, 0 young (0K), 0 survivors (0K)
 Metaspace       used 62317K, committed 63104K, reserved 1114112K
  class space    used 7521K, committed 7808K, reserved 1048576K
}
Event: 321.286 GC heap before
{Heap before GC invocations=43 (full 6):
 garbage-first heap   total 86016K, used 40524K [0x00000000c0000000, 0x0000000100000000)
  region size 1024K, 1 young (1024K), 0 survivors (0K)
 Metaspace       used 62332K, committed 63104K, reserved 1114112K
  class space    used 7524K, committed 7808K, reserved 1048576K
}
Event: 321.324 GC heap after
{Heap after GC invocations=44 (full 7):
 garbage-first heap   total 86016K, used 40328K [0x00000000c0000000, 0x0000000100000000)
  region size 1024K, 0 young (0K), 0 survivors (0K)
 Metaspace       used 62332K, committed 63104K, reserved 1114112K
  class space    used 7524K, committed 7808K, reserved 1048576K
}
Event: 331.495 GC heap before
{Heap before GC invocations=44 (full 7):
 garbage-first heap   total 86016K, used 40328K [0x00000000c0000000, 0x0000000100000000)
  region size 1024K, 1 young (1024K), 0 survivors (0K)
 Metaspace       used 62333K, committed 63104K, reserved 1114112K
  class space    used 7524K, committed 7808K, reserved 1048576K
}
Event: 331.527 GC heap after
{Heap after GC invocations=45 (full 8):
 garbage-first heap   total 86016K, used 39428K [0x00000000c0000000, 0x0000000100000000)
  region size 1024K, 0 young (0K), 0 survivors (0K)
 Metaspace       used 62333K, committed 63104K, reserved 1114112K
  class space    used 7524K, committed 7808K, reserved 1048576K
}
Event: 341.712 GC heap before
{Heap before GC invocations=45 (full 8):
 garbage-first heap   total 86016K, used 39428K [0x00000000c0000000, 0x0000000100000000)
  region size 1024K, 1 young (1024K), 0 survivors (0K)
 Metaspace       used 62333K, committed 63104K, reserved 1114112K
  class space    used 7524K, committed 7808K, reserved 1048576K
}
Event: 341.741 GC heap after
{Heap after GC invocations=46 (full 9):
 garbage-first heap   total 86016K, used 39428K [0x00000000c0000000, 0x0000000100000000)
  region size 1024K, 0 young (0K), 0 survivors (0K)
 Metaspace       used 62333K, committed 63104K, reserved 1114112K
  class space    used 7524K, committed 7808K, reserved 1048576K
}
Event: 351.917 GC heap before
{Heap before GC invocations=46 (full 9):
 garbage-first heap   total 86016K, used 39428K [0x00000000c0000000, 0x0000000100000000)
  region size 1024K, 1 young (1024K), 0 survivors (0K)
 Metaspace       used 62333K, committed 63104K, reserved 1114112K
  class space    used 7524K, committed 7808K, reserved 1048576K
}
Event: 351.959 GC heap after
{Heap after GC invocations=47 (full 10):
 garbage-first heap   total 86016K, used 39428K [0x00000000c0000000, 0x0000000100000000)
  region size 1024K, 0 young (0K), 0 survivors (0K)
 Metaspace       used 62323K, committed 63104K, reserved 1114112K
  class space    used 7523K, committed 7808K, reserved 1048576K
}
Event: 362.193 GC heap before
{Heap before GC invocations=47 (full 10):
 garbage-first heap   total 86016K, used 39428K [0x00000000c0000000, 0x0000000100000000)
  region size 1024K, 1 young (1024K), 0 survivors (0K)
 Metaspace       used 62323K, committed 63104K, reserved 1114112K
  class space    used 7523K, committed 7808K, reserved 1048576K
}
Event: 362.224 GC heap after
{Heap after GC invocations=48 (full 11):
 garbage-first heap   total 86016K, used 39428K [0x00000000c0000000, 0x0000000100000000)
  region size 1024K, 0 young (0K), 0 survivors (0K)
 Metaspace       used 62323K, committed 63104K, reserved 1114112K
  class space    used 7523K, committed 7808K, reserved 1048576K
}
Event: 372.406 GC heap before
{Heap before GC invocations=48 (full 11):
 garbage-first heap   total 86016K, used 39428K [0x00000000c0000000, 0x0000000100000000)
  region size 1024K, 1 young (1024K), 0 survivors (0K)
 Metaspace       used 62323K, committed 63104K, reserved 1114112K
  class space    used 7523K, committed 7808K, reserved 1048576K
}
Event: 372.440 GC heap after
{Heap after GC invocations=49 (full 12):
 garbage-first heap   total 86016K, used 39425K [0x00000000c0000000, 0x0000000100000000)
  region size 1024K, 0 young (0K), 0 survivors (0K)
 Metaspace       used 62323K, committed 63104K, reserved 1114112K
  class space    used 7523K, committed 7808K, reserved 1048576K
}

