# JRE version: OpenJDK Runtime Environment Temurin-17.0.9+9 (17.0.9+9) (build 17.0.9+9)
# Java VM: OpenJDK 64-Bit Server VM Temurin-17.0.9+9 (17.0.9+9, mixed mode, emulated-client, tiered, compressed oops, compressed class ptrs, g1 gc, windows-amd64)
GC Precious Log:
 CPUs: 8 total, 8 available
 Memory: 7987M
 Large Page Support: Disabled
 NUMA Support: Disabled
 Compressed Oops: Enabled (32-bit)
 Heap Region Size: 1M
 Heap Min Capacity: 8M
 Heap Initial Capacity: 126M
 Heap Max Capacity: 1G
 Pre-touch: Disabled
 Parallel Workers: 8
 Concurrent Workers: 2
 Concurrent Refinement Workers: 8
 Periodic GC: Disabled
Heap:
 garbage-first heap   total 126976K, used 36589K [0x00000000c0000000, 0x0000000100000000)
  region size 1024K, 1 young (1024K), 0 survivors (0K)
 Metaspace       used 60593K, committed 61376K, reserved 1114112K
  class space    used 7255K, committed 7616K, reserved 1048576K
GC Heap History (20 events):
Event: 716.075 GC heap before
{Heap before GC invocations=50 (full 12):
 garbage-first heap   total 126976K, used 38037K [0x00000000c0000000, 0x0000000100000000)
  region size 1024K, 1 young (1024K), 0 survivors (0K)
 Metaspace       used 60593K, committed 61376K, reserved 1114112K
  class space    used 7255K, committed 7616K, reserved 1048576K
}
Event: 716.151 GC heap after
{Heap after GC invocations=51 (full 13):
 garbage-first heap   total 126976K, used 38022K [0x00000000c0000000, 0x0000000100000000)
  region size 1024K, 0 young (0K), 0 survivors (0K)
 Metaspace       used 60593K, committed 61376K, reserved 1114112K
  class space    used 7255K, committed 7616K, reserved 1048576K
}
Event: 726.334 GC heap before
{Heap before GC invocations=51 (full 13):
 garbage-first heap   total 126976K, used 38022K [0x00000000c0000000, 0x0000000100000000)
  region size 1024K, 1 young (1024K), 0 survivors (0K)
 Metaspace       used 60593K, committed 61376K, reserved 1114112K
  class space    used 7255K, committed 7616K, reserved 1048576K
}
Event: 726.403 GC heap after
{Heap after GC invocations=52 (full 14):
 garbage-first heap   total 126976K, used 38022K [0x00000000c0000000, 0x0000000100000000)
  region size 1024K, 0 young (0K), 0 survivors (0K)
 Metaspace       used 60593K, committed 61376K, reserved 1114112K
  class space    used 7255K, committed 7616K, reserved 1048576K
}
Event: 736.581 GC heap before
{Heap before GC invocations=52 (full 14):
 garbage-first heap   total 126976K, used 38022K [0x00000000c0000000, 0x0000000100000000)
  region size 1024K, 1 young (1024K), 0 survivors (0K)
 Metaspace       used 60593K, committed 61376K, reserved 1114112K
  class space    used 7255K, committed 7616K, reserved 1048576K
}
Event: 736.668 GC heap after
{Heap after GC invocations=53 (full 15):
 garbage-first heap   total 126976K, used 38022K [0x00000000c0000000, 0x0000000100000000)
  region size 1024K, 0 young (0K), 0 survivors (0K)
 Metaspace       used 60593K, committed 61376K, reserved 1114112K
  class space    used 7255K, committed 7616K, reserved 1048576K
}
Event: 746.814 GC heap before
{Heap before GC invocations=53 (full 15):
 garbage-first heap   total 126976K, used 38022K [0x00000000c0000000, 0x0000000100000000)
  region size 1024K, 1 young (1024K), 0 survivors (0K)
 Metaspace       used 60593K, committed 61376K, reserved 1114112K
  class space    used 7255K, committed 7616K, reserved 1048576K
}
Event: 746.875 GC heap after
{Heap after GC invocations=54 (full 16):
 garbage-first heap   total 126976K, used 38022K [0x00000000c0000000, 0x0000000100000000)
  region size 1024K, 0 young (0K), 0 survivors (0K)
 Metaspace       used 60593K, committed 61376K, reserved 1114112K
  class space    used 7255K, committed 7616K, reserved 1048576K
}
Event: 757.060 GC heap before
{Heap before GC invocations=54 (full 16):
 garbage-first heap   total 126976K, used 38022K [0x00000000c0000000, 0x0000000100000000)
  region size 1024K, 1 young (1024K), 0 survivors (0K)
 Metaspace       used 60593K, committed 61376K, reserved 1114112K
  class space    used 7255K, committed 7616K, reserved 1048576K
}
Event: 757.104 GC heap after
{Heap after GC invocations=55 (full 17):
 garbage-first heap   total 126976K, used 38022K [0x00000000c0000000, 0x0000000100000000)
  region size 1024K, 0 young (0K), 0 survivors (0K)
 Metaspace       used 60593K, committed 61376K, reserved 1114112K
  class space    used 7255K, committed 7616K, reserved 1048576K
}
Event: 767.270 GC heap before
{Heap before GC invocations=55 (full 17):
 garbage-first heap   total 126976K, used 38022K [0x00000000c0000000, 0x0000000100000000)
  region size 1024K, 1 young (1024K), 0 survivors (0K)
 Metaspace       used 60593K, committed 61376K, reserved 1114112K
  class space    used 7255K, committed 7616K, reserved 1048576K
}
Event: 767.326 GC heap after
{Heap after GC invocations=56 (full 18):
 garbage-first heap   total 126976K, used 38022K [0x00000000c0000000, 0x0000000100000000)
  region size 1024K, 0 young (0K), 0 survivors (0K)
 Metaspace       used 60593K, committed 61376K, reserved 1114112K
  class space    used 7255K, committed 7616K, reserved 1048576K
}
Event: 777.486 GC heap before
{Heap before GC invocations=56 (full 18):
 garbage-first heap   total 126976K, used 38022K [0x00000000c0000000, 0x0000000100000000)
  region size 1024K, 1 young (1024K), 0 survivors (0K)
 Metaspace       used 60593K, committed 61376K, reserved 1114112K
  class space    used 7255K, committed 7616K, reserved 1048576K
}
Event: 777.535 GC heap after
{Heap after GC invocations=57 (full 19):
 garbage-first heap   total 126976K, used 38010K [0x00000000c0000000, 0x0000000100000000)
  region size 1024K, 0 young (0K), 0 survivors (0K)
 Metaspace       used 60593K, committed 61376K, reserved 1114112K
  class space    used 7255K, committed 7616K, reserved 1048576K
}
Event: 817.720 GC heap before
{Heap before GC invocations=57 (full 19):
 garbage-first heap   total 126976K, used 44154K [0x00000000c0000000, 0x0000000100000000)
  region size 1024K, 7 young (7168K), 0 survivors (0K)
 Metaspace       used 60593K, committed 61376K, reserved 1114112K
  class space    used 7255K, committed 7616K, reserved 1048576K
}
Event: 817.790 GC heap after
{Heap after GC invocations=58 (full 20):
 garbage-first heap   total 126976K, used 36583K [0x00000000c0000000, 0x0000000100000000)
  region size 1024K, 0 young (0K), 0 survivors (0K)
 Metaspace       used 60593K, committed 61376K, reserved 1114112K
  class space    used 7255K, committed 7616K, reserved 1048576K
}
Event: 827.971 GC heap before
{Heap before GC invocations=58 (full 20):
 garbage-first heap   total 126976K, used 36583K [0x00000000c0000000, 0x0000000100000000)
  region size 1024K, 1 young (1024K), 0 survivors (0K)
 Metaspace       used 60593K, committed 61376K, reserved 1114112K
  class space    used 7255K, committed 7616K, reserved 1048576K
}
Event: 828.030 GC heap after
{Heap after GC invocations=59 (full 21):
 garbage-first heap   total 126976K, used 36592K [0x00000000c0000000, 0x0000000100000000)
  region size 1024K, 0 young (0K), 0 survivors (0K)
 Metaspace       used 60593K, committed 61376K, reserved 1114112K
  class space    used 7255K, committed 7616K, reserved 1048576K
}
Event: 838.334 GC heap before
{Heap before GC invocations=59 (full 21):
 garbage-first heap   total 126976K, used 36592K [0x00000000c0000000, 0x0000000100000000)
  region size 1024K, 1 young (1024K), 0 survivors (0K)
 Metaspace       used 60593K, committed 61376K, reserved 1114112K
  class space    used 7255K, committed 7616K, reserved 1048576K
}
Event: 838.386 GC heap after
{Heap after GC invocations=60 (full 22):
 garbage-first heap   total 126976K, used 36589K [0x00000000c0000000, 0x0000000100000000)
  region size 1024K, 0 young (0K), 0 survivors (0K)
 Metaspace       used 60593K, committed 61376K, reserved 1114112K
  class space    used 7255K, committed 7616K, reserved 1048576K
}

